0 info it worked if it ends with ok
1 verbose cli [ '/Users/joliv/.nvm/versions/node/v6.6.0/bin/node',
1 verbose cli   '/Users/joliv/.nvm/versions/node/v6.6.0/bin/npm',
1 verbose cli   'publish' ]
2 info using npm@3.10.3
3 info using node@v6.6.0
4 verbose publish [ '.' ]
5 silly cache add args [ '.', null ]
6 verbose cache add spec .
7 silly cache add parsed spec Result {
7 silly cache add   raw: '.',
7 silly cache add   scope: null,
7 silly cache add   escapedName: null,
7 silly cache add   name: null,
7 silly cache add   rawSpec: '.',
7 silly cache add   spec: '/Users/joliv/Dev/metalsmith-summary',
7 silly cache add   type: 'directory' }
8 verbose addLocalDirectory /Users/joliv/.npm/metalsmith-summary/0.0.1/package.tgz not in flight; packing
9 verbose correctMkdir /Users/joliv/.npm correctMkdir not in flight; initializing
10 info lifecycle metalsmith-summary@0.0.1~prepublish: metalsmith-summary@0.0.1
11 silly lifecycle metalsmith-summary@0.0.1~prepublish: no script for prepublish, continuing
12 verbose tar pack [ '/Users/joliv/.npm/metalsmith-summary/0.0.1/package.tgz',
12 verbose tar pack   '/Users/joliv/Dev/metalsmith-summary' ]
13 verbose tarball /Users/joliv/.npm/metalsmith-summary/0.0.1/package.tgz
14 verbose folder /Users/joliv/Dev/metalsmith-summary
15 verbose addLocalTarball adding from inside cache /Users/joliv/.npm/metalsmith-summary/0.0.1/package.tgz
16 verbose correctMkdir /Users/joliv/.npm correctMkdir not in flight; initializing
17 silly cache afterAdd metalsmith-summary@0.0.1
18 verbose afterAdd /Users/joliv/.npm/metalsmith-summary/0.0.1/package/package.json not in flight; writing
19 verbose correctMkdir /Users/joliv/.npm correctMkdir not in flight; initializing
20 verbose afterAdd /Users/joliv/.npm/metalsmith-summary/0.0.1/package/package.json written
21 silly publish { name: 'metalsmith-summary',
21 silly publish   version: '0.0.1',
21 silly publish   description: 'Extract a summary from markdown files',
21 silly publish   main: 'index.js',
21 silly publish   scripts: { test: 'echo "Error: no test specified" && exit 1' },
21 silly publish   repository:
21 silly publish    { type: 'git',
21 silly publish      url: 'git+https://github.com/julioolvr/metalsmith-summary.git' },
21 silly publish   keywords: [ 'metalsmith-plugin', 'summary', 'metalsmith' ],
21 silly publish   author: { name: 'Julio Olivera' },
21 silly publish   license: 'ISC',
21 silly publish   bugs: { url: 'https://github.com/julioolvr/metalsmith-summary/issues' },
21 silly publish   homepage: 'https://github.com/julioolvr/metalsmith-summary#readme',
21 silly publish   dependencies: { debug: '^2.6.6', minimatch: '^3.0.3' },
21 silly publish   readme: '# metalsmith-summary\n\nA [Metalsmith](http://www.metalsmith.io/) plugin to extract a summary from Markdown files. Useful for blog posts.\n\n## Install\n\n```\n$ npm install metalsmith-summary\n```\n\nOr\n\n```\n$ yarn add metalsmith-summary\n```\n\n## Usage\n\n```js\nconst summary = require(\'metalsmith-summary\')\n\nmetalsmith.use(summary())\n```\n\nBy default `metalsmith-summary` will take Markdown files and look for the `READMORE` keyword on an otherwise empty paragraph. If it finds it, it will set the `summary` property on that file with all the content up to that keyword. If it doesn\'t, it will set the first non-empty paragraph as the file\'s summary.\n\n## Options\n\n### `pattern` (default `\'**/*.@(md|markdown)\'`)\n\nFiles for which to generate a summary.\n\n### `keyword` (default `\'READMORE\'`)\n\nKeyword to use as a delimiter for the summary.\n',
21 silly publish   readmeFilename: 'README.md',
21 silly publish   gitHead: '452d336afeb18c5a218b479e16c4a93116c12789',
21 silly publish   _id: 'metalsmith-summary@0.0.1',
21 silly publish   _shasum: '817d1062db40bd62067e17f42ec8ce29ab09f6c8',
21 silly publish   _from: '.' }
22 verbose getPublishConfig undefined
23 silly mapToRegistry name metalsmith-summary
24 silly mapToRegistry using default registry
25 silly mapToRegistry registry https://registry.npmjs.org/
26 silly mapToRegistry data Result {
26 silly mapToRegistry   raw: 'metalsmith-summary',
26 silly mapToRegistry   scope: null,
26 silly mapToRegistry   escapedName: 'metalsmith-summary',
26 silly mapToRegistry   name: 'metalsmith-summary',
26 silly mapToRegistry   rawSpec: '',
26 silly mapToRegistry   spec: 'latest',
26 silly mapToRegistry   type: 'tag' }
27 silly mapToRegistry uri https://registry.npmjs.org/metalsmith-summary
28 verbose publish registryBase https://registry.npmjs.org/
29 silly publish uploading /Users/joliv/.npm/metalsmith-summary/0.0.1/package.tgz
30 verbose request uri https://registry.npmjs.org/metalsmith-summary
31 verbose request sending authorization for write operation
32 info attempt registry request try #1 at 11:41:23 AM
33 verbose request using bearer token for auth
34 verbose request id 15adf9d0423675a9
35 http request PUT https://registry.npmjs.org/metalsmith-summary
36 http 403 https://registry.npmjs.org/metalsmith-summary
37 verbose headers { 'content-type': 'application/json',
37 verbose headers   'cache-control': 'max-age=300',
37 verbose headers   'content-length': '112',
37 verbose headers   'accept-ranges': 'bytes',
37 verbose headers   date: 'Fri, 05 May 2017 14:41:24 GMT',
37 verbose headers   via: '1.1 varnish',
37 verbose headers   connection: 'keep-alive',
37 verbose headers   'x-served-by': 'cache-jfk8134-JFK',
37 verbose headers   'x-cache': 'MISS',
37 verbose headers   'x-cache-hits': '0',
37 verbose headers   'x-timer': 'S1493995284.941778,VS0,VE326',
37 verbose headers   vary: 'Accept-Encoding' }
38 verbose request invalidating /Users/joliv/.npm/registry.npmjs.org/metalsmith-summary on PUT
39 error publish Failed PUT 403
40 verbose stack Error: you do not have permission to publish "metalsmith-summary". Are you logged in as the correct user? : metalsmith-summary
40 verbose stack     at makeError (/Users/joliv/.nvm/versions/node/v6.6.0/lib/node_modules/npm/node_modules/npm-registry-client/lib/request.js:264:12)
40 verbose stack     at CachingRegistryClient.<anonymous> (/Users/joliv/.nvm/versions/node/v6.6.0/lib/node_modules/npm/node_modules/npm-registry-client/lib/request.js:252:14)
40 verbose stack     at Request._callback (/Users/joliv/.nvm/versions/node/v6.6.0/lib/node_modules/npm/node_modules/npm-registry-client/lib/request.js:172:14)
40 verbose stack     at Request.self.callback (/Users/joliv/.nvm/versions/node/v6.6.0/lib/node_modules/npm/node_modules/request/request.js:200:22)
40 verbose stack     at emitTwo (events.js:106:13)
40 verbose stack     at Request.emit (events.js:191:7)
40 verbose stack     at Request.<anonymous> (/Users/joliv/.nvm/versions/node/v6.6.0/lib/node_modules/npm/node_modules/request/request.js:1067:10)
40 verbose stack     at emitOne (events.js:101:20)
40 verbose stack     at Request.emit (events.js:188:7)
40 verbose stack     at IncomingMessage.<anonymous> (/Users/joliv/.nvm/versions/node/v6.6.0/lib/node_modules/npm/node_modules/request/request.js:988:12)
41 verbose statusCode 403
42 verbose pkgid metalsmith-summary
43 verbose cwd /Users/joliv/Dev/metalsmith-summary
44 error Darwin 16.5.0
45 error argv "/Users/joliv/.nvm/versions/node/v6.6.0/bin/node" "/Users/joliv/.nvm/versions/node/v6.6.0/bin/npm" "publish"
46 error node v6.6.0
47 error npm  v3.10.3
48 error code E403
49 error you do not have permission to publish "metalsmith-summary". Are you logged in as the correct user? : metalsmith-summary
50 error If you need help, you may report this error at:
50 error     <https://github.com/npm/npm/issues>
51 verbose exit [ 1, true ]
